<?xml version="1.0" encoding="UTF-8"?>
<coverage generated="1630686949181" clover="3.2.0">
  <project timestamp="1630686949181" name="All files">
    <metrics statements="2" coveredstatements="2" conditionals="0" coveredconditionals="0" methods="2" coveredmethods="2" elements="4" coveredelements="4" complexity="0" loc="2" ncloc="2" packages="1" files="1" classes="1"/>
    <file name="planet.js" path="C:\Users\natha\Desktop\epicodus\galactic-calculator\src\planet.js">
      <metrics statements="2" coveredstatements="2" conditionals="0" coveredconditionals="0" methods="2" coveredmethods="2"/>
      <line num="3" count="2" type="stmt"/>
      <line num="4" count="2" type="stmt"/>
    </file>
  </project>
</coverage>
