{"C:\\Users\\natha\\Desktop\\epicodus\\galactic-calculator\\src\\mercury.js": {"path":"C:\\Users\\natha\\Desktop\\epicodus\\galactic-calculator\\src\\mercury.js","statementMap":{"0":{"start":{"line":5,"column":4},"end":{"line":5,"column":12}}},"fnMap":{"0":{"name":"(anonymous_0)","decl":{"start":{"line":4,"column":2},"end":{"line":4,"column":3}},"loc":{"start":{"line":4,"column":16},"end":{"line":6,"column":3}},"line":4}},"branchMap":{},"s":{"0":1},"f":{"0":1},"b":{},"_coverageSchema":"43e27e138ebf9cfc5966b082cf9a028302ed4184","hash":"5a01355abaaf06ddc43732f487cd788787008ed8"}
,"C:\\Users\\natha\\Desktop\\epicodus\\galactic-calculator\\src\\planet.js": {"path":"C:\\Users\\natha\\Desktop\\epicodus\\galactic-calculator\\src\\planet.js","statementMap":{"0":{"start":{"line":3,"column":4},"end":{"line":3,"column":30}},"1":{"start":{"line":4,"column":4},"end":{"line":4,"column":29}},"2":{"start":{"line":5,"column":4},"end":{"line":5,"column":32}},"3":{"start":{"line":7,"column":4},"end":{"line":7,"column":34}},"4":{"start":{"line":18,"column":4},"end":{"line":18,"column":74}}},"fnMap":{"0":{"name":"(anonymous_0)","decl":{"start":{"line":2,"column":2},"end":{"line":2,"column":3}},"loc":{"start":{"line":2,"column":37},"end":{"line":15,"column":3}},"line":2},"1":{"name":"(anonymous_1)","decl":{"start":{"line":17,"column":2},"end":{"line":17,"column":3}},"loc":{"start":{"line":17,"column":11},"end":{"line":19,"column":3}},"line":17}},"branchMap":{},"s":{"0":3,"1":3,"2":3,"3":3,"4":1},"f":{"0":3,"1":1},"b":{},"_coverageSchema":"43e27e138ebf9cfc5966b082cf9a028302ed4184","hash":"78c78b0a796172bec5d19403d3fa15ab71284ac9"}
}
