TN:
SF:C:\Users\natha\Desktop\epicodus\galactic-calculator\src\jupiter.js
FN:4,(anonymous_0)
FNF:1
FNH:1
FNDA:1,(anonymous_0)
DA:5,1
LF:1
LH:1
BRF:0
BRH:0
end_of_record
TN:
SF:C:\Users\natha\Desktop\epicodus\galactic-calculator\src\mars.js
FN:4,(anonymous_0)
FNF:1
FNH:1
FNDA:1,(anonymous_0)
DA:5,1
LF:1
LH:1
BRF:0
BRH:0
end_of_record
TN:
SF:C:\Users\natha\Desktop\epicodus\galactic-calculator\src\mercury.js
FN:4,(anonymous_0)
FNF:1
FNH:1
FNDA:1,(anonymous_0)
DA:5,1
LF:1
LH:1
BRF:0
BRH:0
end_of_record
TN:
SF:C:\Users\natha\Desktop\epicodus\galactic-calculator\src\planet.js
FN:2,(anonymous_0)
FN:44,(anonymous_1)
FN:48,(anonymous_2)
FNF:3
FNH:3
FNDA:10,(anonymous_0)
FNDA:1,(anonymous_1)
FNDA:2,(anonymous_2)
DA:3,10
DA:4,10
DA:5,10
DA:7,10
DA:8,10
DA:45,1
DA:49,2
DA:51,2
LF:8
LH:8
BRF:0
BRH:0
end_of_record
TN:
SF:C:\Users\natha\Desktop\epicodus\galactic-calculator\src\venus.js
FN:4,(anonymous_0)
FNF:1
FNH:1
FNDA:1,(anonymous_0)
DA:5,1
LF:1
LH:1
BRF:0
BRH:0
end_of_record
