TN:
SF:C:\Users\natha\Desktop\epicodus\galactic-calculator\src\mercury.js
FN:4,(anonymous_0)
FNF:1
FNH:1
FNDA:1,(anonymous_0)
DA:5,1
LF:1
LH:1
BRF:0
BRH:0
end_of_record
TN:
SF:C:\Users\natha\Desktop\epicodus\galactic-calculator\src\planet.js
FN:2,(anonymous_0)
FN:29,(anonymous_1)
FN:33,(anonymous_2)
FNF:3
FNH:3
FNDA:8,(anonymous_0)
FNDA:1,(anonymous_1)
FNDA:2,(anonymous_2)
DA:3,8
DA:4,8
DA:5,8
DA:7,8
DA:8,8
DA:30,1
DA:34,2
DA:36,2
LF:8
LH:8
BRF:0
BRH:0
end_of_record
TN:
SF:C:\Users\natha\Desktop\epicodus\galactic-calculator\src\venus.js
FN:4,(anonymous_0)
FNF:1
FNH:1
FNDA:1,(anonymous_0)
DA:5,1
LF:1
LH:1
BRF:0
BRH:0
end_of_record
